c:\users\sunnivran\desktop\studia\semestr ii\projekty\po1\wirtualny_swiat\wirtualny_swiat\debug\vc120.pdb
c:\users\sunnivran\desktop\studia\semestr ii\projekty\po1\wirtualny_swiat\wirtualny_swiat\debug\vc120.idb
c:\users\sunnivran\desktop\studia\semestr ii\projekty\po1\wirtualny_swiat\wirtualny_swiat\debug\conio2.obj
c:\users\sunnivran\desktop\studia\semestr ii\projekty\po1\wirtualny_swiat\wirtualny_swiat\debug\main.obj
c:\users\sunnivran\desktop\studia\semestr ii\projekty\po1\wirtualny_swiat\wirtualny_swiat\debug\swiat.obj
c:\users\sunnivran\desktop\studia\semestr ii\projekty\po1\wirtualny_swiat\wirtualny_swiat\debug\organizm.obj
c:\users\sunnivran\desktop\studia\semestr ii\projekty\po1\wirtualny_swiat\wirtualny_swiat\debug\zwierze.obj
c:\users\sunnivran\desktop\studia\semestr ii\projekty\po1\wirtualny_swiat\wirtualny_swiat\debug\roslina.obj
c:\users\sunnivran\desktop\studia\semestr ii\projekty\po1\wirtualny_swiat\wirtualny_swiat\debug\antylopa.obj
c:\users\sunnivran\desktop\studia\semestr ii\projekty\po1\wirtualny_swiat\wirtualny_swiat\debug\guarana.obj
c:\users\sunnivran\desktop\studia\semestr ii\projekty\po1\wirtualny_swiat\wirtualny_swiat\debug\lis.obj
c:\users\sunnivran\desktop\studia\semestr ii\projekty\po1\wirtualny_swiat\wirtualny_swiat\debug\mlecz.obj
c:\users\sunnivran\desktop\studia\semestr ii\projekty\po1\wirtualny_swiat\wirtualny_swiat\debug\owca.obj
c:\users\sunnivran\desktop\studia\semestr ii\projekty\po1\wirtualny_swiat\wirtualny_swiat\debug\trawa.obj
c:\users\sunnivran\desktop\studia\semestr ii\projekty\po1\wirtualny_swiat\wirtualny_swiat\debug\wilk.obj
c:\users\sunnivran\desktop\studia\semestr ii\projekty\po1\wirtualny_swiat\wirtualny_swiat\debug\wilcze_jagody.obj
c:\users\sunnivran\desktop\studia\semestr ii\projekty\po1\wirtualny_swiat\wirtualny_swiat\debug\czlowiek.obj
c:\users\sunnivran\desktop\studia\semestr ii\projekty\po1\wirtualny_swiat\wirtualny_swiat\debug\zolw.obj
c:\users\sunnivran\desktop\studia\semestr ii\projekty\po1\wirtualny_swiat\debug\wirtualny_swiat.ilk
c:\users\sunnivran\desktop\studia\semestr ii\projekty\po1\wirtualny_swiat\debug\wirtualny_swiat.exe
c:\users\sunnivran\desktop\studia\semestr ii\projekty\po1\wirtualny_swiat\debug\wirtualny_swiat.pdb
c:\users\sunnivran\desktop\studia\semestr ii\projekty\po1\wirtualny_swiat\wirtualny_swiat\debug\wirtualny_swiat.tlog\cl.command.1.tlog
c:\users\sunnivran\desktop\studia\semestr ii\projekty\po1\wirtualny_swiat\wirtualny_swiat\debug\wirtualny_swiat.tlog\cl.read.1.tlog
c:\users\sunnivran\desktop\studia\semestr ii\projekty\po1\wirtualny_swiat\wirtualny_swiat\debug\wirtualny_swiat.tlog\cl.write.1.tlog
c:\users\sunnivran\desktop\studia\semestr ii\projekty\po1\wirtualny_swiat\wirtualny_swiat\debug\wirtualny_swiat.tlog\link.command.1.tlog
c:\users\sunnivran\desktop\studia\semestr ii\projekty\po1\wirtualny_swiat\wirtualny_swiat\debug\wirtualny_swiat.tlog\link.read.1.tlog
c:\users\sunnivran\desktop\studia\semestr ii\projekty\po1\wirtualny_swiat\wirtualny_swiat\debug\wirtualny_swiat.tlog\link.write.1.tlog
